Flow report for FP
Tue Feb 27 15:53:16 2024
Quartus Prime Version 20.1.0 Build 711 06/05/2020 SJ Lite Edition


---------------------
; Table of Contents ;
---------------------
  1. Legal Notice
  2. Flow Summary
  3. Flow Settings
  4. Flow Non-Default Global Settings
  5. Flow Elapsed Time
  6. Flow OS Summary
  7. Flow Log
  8. Flow Messages
  9. Flow Suppressed Messages



----------------
; Legal Notice ;
----------------
Copyright (C) 2020  Intel Corporation. All rights reserved.
Your use of Intel Corporation's design tools, logic functions 
and other software and tools, and any partner logic 
functions, and any output files from any of the foregoing 
(including device programming or simulation files), and any 
associated documentation or information are expressly subject 
to the terms and conditions of the Intel Program License 
Subscription Agreement, the Intel Quartus Prime License Agreement,
the Intel FPGA IP License Agreement, or other applicable license
agreement, including, without limitation, that your use is for
the sole purpose of programming logic devices manufactured by
Intel and sold by Intel or its authorized distributors.  Please
refer to the applicable agreement for further details, at
https://fpgasoftware.intel.com/eula.



+----------------------------------------------------------------------------------+
; Flow Summary                                                                     ;
+------------------------------------+---------------------------------------------+
; Flow Status                        ; Successful - Tue Feb 27 15:53:16 2024       ;
; Quartus Prime Version              ; 20.1.0 Build 711 06/05/2020 SJ Lite Edition ;
; Revision Name                      ; FP                                          ;
; Top-level Entity Name              ; pipeline_TopLevel                           ;
; Family                             ; MAX 10                                      ;
; Device                             ; 10M50DAF484C7G                              ;
; Timing Models                      ; Final                                       ;
; Total logic elements               ; 5,100 / 49,760 ( 10 % )                     ;
;     Total combinational functions  ; 3,966 / 49,760 ( 8 % )                      ;
;     Dedicated logic registers      ; 3,150 / 49,760 ( 6 % )                      ;
; Total registers                    ; 3150                                        ;
; Total pins                         ; 7 / 360 ( 2 % )                             ;
; Total virtual pins                 ; 0                                           ;
; Total memory bits                  ; 53,760 / 1,677,312 ( 3 % )                  ;
; Embedded Multiplier 9-bit elements ; 0 / 288 ( 0 % )                             ;
; Total PLLs                         ; 0 / 4 ( 0 % )                               ;
; UFM blocks                         ; 0 / 1 ( 0 % )                               ;
; ADC blocks                         ; 0 / 2 ( 0 % )                               ;
+------------------------------------+---------------------------------------------+


+-----------------------------------------+
; Flow Settings                           ;
+-------------------+---------------------+
; Option            ; Setting             ;
+-------------------+---------------------+
; Start date & time ; 02/27/2024 15:52:31 ;
; Main task         ; Compilation         ;
; Revision Name     ; FP                  ;
+-------------------+---------------------+


+---------------------------------------------------------------------------------------------------------------------------------------------------------------------------------------------------------------------------------------------------------------------------------------------------------------------------------------------------------------------------------------------------------------------------------------------------------+
; Flow Non-Default Global Settings                                                                                                                                                                                                                                                                                                                                                                                                                        ;
+--------------------------------------+-----------------------------------------------------------------------------------------------------------------------------------------------------------------------------------------------------------------------------------------------------------------------------------------------------------------------------------------------------------+---------------+-------------------+------------------+
; Assignment Name                      ; Value                                                                                                                                                                                                                                                                                                                                                     ; Default Value ; Entity Name       ; Section Id       ;
+--------------------------------------+-----------------------------------------------------------------------------------------------------------------------------------------------------------------------------------------------------------------------------------------------------------------------------------------------------------------------------------------------------------+---------------+-------------------+------------------+
; COMPILER_SIGNATURE_ID                ; 96830616858650.170903835111396                                                                                                                                                                                                                                                                                                                            ; --            ; --                ; --               ;
; EDA_DESIGN_INSTANCE_NAME             ; NA                                                                                                                                                                                                                                                                                                                                                        ; --            ; --                ; TestBench        ;
; EDA_NATIVELINK_SIMULATION_TEST_BENCH ; TestBench                                                                                                                                                                                                                                                                                                                                                 ; --            ; --                ; eda_simulation   ;
; EDA_OUTPUT_DATA_FORMAT               ; Systemverilog Hdl                                                                                                                                                                                                                                                                                                                                         ; --            ; --                ; eda_simulation   ;
; EDA_SIMULATION_TOOL                  ; ModelSim-Altera (SystemVerilog)                                                                                                                                                                                                                                                                                                                           ; <None>        ; --                ; --               ;
; EDA_TEST_BENCH_ENABLE_STATUS         ; TEST_BENCH_MODE                                                                                                                                                                                                                                                                                                                                           ; --            ; --                ; eda_simulation   ;
; EDA_TEST_BENCH_FILE                  ; TestBench.sv                                                                                                                                                                                                                                                                                                                                              ; --            ; --                ; TestBench        ;
; EDA_TEST_BENCH_MODULE_NAME           ; TestBench                                                                                                                                                                                                                                                                                                                                                 ; --            ; --                ; TestBench        ;
; EDA_TEST_BENCH_NAME                  ; TestBench                                                                                                                                                                                                                                                                                                                                                 ; --            ; --                ; eda_simulation   ;
; EDA_TIME_SCALE                       ; 1 ps                                                                                                                                                                                                                                                                                                                                                      ; --            ; --                ; eda_simulation   ;
; ENABLE_SIGNALTAP                     ; On                                                                                                                                                                                                                                                                                                                                                        ; --            ; --                ; --               ;
; MAX_CORE_JUNCTION_TEMP               ; 85                                                                                                                                                                                                                                                                                                                                                        ; --            ; --                ; --               ;
; MIN_CORE_JUNCTION_TEMP               ; 0                                                                                                                                                                                                                                                                                                                                                         ; --            ; --                ; --               ;
; MISC_FILE                            ; instmem.bsf                                                                                                                                                                                                                                                                                                                                               ; --            ; --                ; --               ;
; MISC_FILE                            ; instmem_inst.v                                                                                                                                                                                                                                                                                                                                            ; --            ; --                ; --               ;
; MISC_FILE                            ; instmem_bb.v                                                                                                                                                                                                                                                                                                                                              ; --            ; --                ; --               ;
; MISC_FILE                            ; datamem1.bsf                                                                                                                                                                                                                                                                                                                                              ; --            ; --                ; --               ;
; MISC_FILE                            ; datamem1_inst.v                                                                                                                                                                                                                                                                                                                                           ; --            ; --                ; --               ;
; MISC_FILE                            ; datamem1_bb.v                                                                                                                                                                                                                                                                                                                                             ; --            ; --                ; --               ;
; MISC_FILE                            ; pll1.bsf                                                                                                                                                                                                                                                                                                                                                  ; --            ; --                ; --               ;
; MISC_FILE                            ; pll1_inst.v                                                                                                                                                                                                                                                                                                                                               ; --            ; --                ; --               ;
; MISC_FILE                            ; pll1_bb.v                                                                                                                                                                                                                                                                                                                                                 ; --            ; --                ; --               ;
; MISC_FILE                            ; pll1.ppf                                                                                                                                                                                                                                                                                                                                                  ; --            ; --                ; --               ;
; OUTPUT_IO_TIMING_FAR_END_VMEAS       ; Half Signal Swing                                                                                                                                                                                                                                                                                                                                         ; --            ; --                ; --               ;
; OUTPUT_IO_TIMING_FAR_END_VMEAS       ; Half Signal Swing                                                                                                                                                                                                                                                                                                                                         ; --            ; --                ; --               ;
; OUTPUT_IO_TIMING_NEAR_END_VMEAS      ; Half Vccio                                                                                                                                                                                                                                                                                                                                                ; --            ; --                ; --               ;
; OUTPUT_IO_TIMING_NEAR_END_VMEAS      ; Half Vccio                                                                                                                                                                                                                                                                                                                                                ; --            ; --                ; --               ;
; PARTITION_COLOR                      ; -- (Not supported for targeted family)                                                                                                                                                                                                                                                                                                                    ; --            ; pipeline_TopLevel ; Top              ;
; PARTITION_FITTER_PRESERVATION_LEVEL  ; -- (Not supported for targeted family)                                                                                                                                                                                                                                                                                                                    ; --            ; pipeline_TopLevel ; Top              ;
; PARTITION_NETLIST_TYPE               ; -- (Not supported for targeted family)                                                                                                                                                                                                                                                                                                                    ; --            ; pipeline_TopLevel ; Top              ;
; POWER_BOARD_THERMAL_MODEL            ; None (CONSERVATIVE)                                                                                                                                                                                                                                                                                                                                       ; --            ; --                ; --               ;
; POWER_PRESET_COOLING_SOLUTION        ; 23 MM HEAT SINK WITH 200 LFPM AIRFLOW                                                                                                                                                                                                                                                                                                                     ; --            ; --                ; --               ;
; PROJECT_OUTPUT_DIRECTORY             ; output_files                                                                                                                                                                                                                                                                                                                                              ; --            ; --                ; --               ;
; SLD_FILE                             ; db/stp1_auto_stripped.stp                                                                                                                                                                                                                                                                                                                                 ; --            ; --                ; --               ;
; SLD_NODE_CREATOR_ID                  ; 110                                                                                                                                                                                                                                                                                                                                                       ; --            ; --                ; auto_signaltap_0 ;
; SLD_NODE_ENTITY_NAME                 ; sld_signaltap                                                                                                                                                                                                                                                                                                                                             ; --            ; --                ; auto_signaltap_0 ;
; SLD_NODE_PARAMETER_ASSIGNMENT        ; SLD_RAM_BLOCK_TYPE=AUTO                                                                                                                                                                                                                                                                                                                                   ; --            ; --                ; auto_signaltap_0 ;
; SLD_NODE_PARAMETER_ASSIGNMENT        ; SLD_NODE_INFO=805334528                                                                                                                                                                                                                                                                                                                                   ; --            ; --                ; auto_signaltap_0 ;
; SLD_NODE_PARAMETER_ASSIGNMENT        ; SLD_POWER_UP_TRIGGER=0                                                                                                                                                                                                                                                                                                                                    ; --            ; --                ; auto_signaltap_0 ;
; SLD_NODE_PARAMETER_ASSIGNMENT        ; SLD_STORAGE_QUALIFIER_INVERSION_MASK_LENGTH=0                                                                                                                                                                                                                                                                                                             ; --            ; --                ; auto_signaltap_0 ;
; SLD_NODE_PARAMETER_ASSIGNMENT        ; SLD_ATTRIBUTE_MEM_MODE=OFF                                                                                                                                                                                                                                                                                                                                ; --            ; --                ; auto_signaltap_0 ;
; SLD_NODE_PARAMETER_ASSIGNMENT        ; SLD_STATE_FLOW_USE_GENERATED=0                                                                                                                                                                                                                                                                                                                            ; --            ; --                ; auto_signaltap_0 ;
; SLD_NODE_PARAMETER_ASSIGNMENT        ; SLD_STATE_BITS=11                                                                                                                                                                                                                                                                                                                                         ; --            ; --                ; auto_signaltap_0 ;
; SLD_NODE_PARAMETER_ASSIGNMENT        ; SLD_BUFFER_FULL_STOP=1                                                                                                                                                                                                                                                                                                                                    ; --            ; --                ; auto_signaltap_0 ;
; SLD_NODE_PARAMETER_ASSIGNMENT        ; SLD_CURRENT_RESOURCE_WIDTH=1                                                                                                                                                                                                                                                                                                                              ; --            ; --                ; auto_signaltap_0 ;
; SLD_NODE_PARAMETER_ASSIGNMENT        ; SLD_INCREMENTAL_ROUTING=1                                                                                                                                                                                                                                                                                                                                 ; --            ; --                ; auto_signaltap_0 ;
; SLD_NODE_PARAMETER_ASSIGNMENT        ; SLD_TRIGGER_LEVEL=1                                                                                                                                                                                                                                                                                                                                       ; --            ; --                ; auto_signaltap_0 ;
; SLD_NODE_PARAMETER_ASSIGNMENT        ; SLD_TRIGGER_IN_ENABLED=0                                                                                                                                                                                                                                                                                                                                  ; --            ; --                ; auto_signaltap_0 ;
; SLD_NODE_PARAMETER_ASSIGNMENT        ; SLD_TRIGGER_PIPELINE=0                                                                                                                                                                                                                                                                                                                                    ; --            ; --                ; auto_signaltap_0 ;
; SLD_NODE_PARAMETER_ASSIGNMENT        ; SLD_RAM_PIPELINE=0                                                                                                                                                                                                                                                                                                                                        ; --            ; --                ; auto_signaltap_0 ;
; SLD_NODE_PARAMETER_ASSIGNMENT        ; SLD_COUNTER_PIPELINE=0                                                                                                                                                                                                                                                                                                                                    ; --            ; --                ; auto_signaltap_0 ;
; SLD_NODE_PARAMETER_ASSIGNMENT        ; SLD_ADVANCED_TRIGGER_ENTITY=basic,1,                                                                                                                                                                                                                                                                                                                      ; --            ; --                ; auto_signaltap_0 ;
; SLD_NODE_PARAMETER_ASSIGNMENT        ; SLD_TRIGGER_LEVEL_PIPELINE=1                                                                                                                                                                                                                                                                                                                              ; --            ; --                ; auto_signaltap_0 ;
; SLD_NODE_PARAMETER_ASSIGNMENT        ; SLD_ENABLE_ADVANCED_TRIGGER=0                                                                                                                                                                                                                                                                                                                             ; --            ; --                ; auto_signaltap_0 ;
; SLD_NODE_PARAMETER_ASSIGNMENT        ; SLD_DATA_BITS=101                                                                                                                                                                                                                                                                                                                                         ; --            ; --                ; auto_signaltap_0 ;
; SLD_NODE_PARAMETER_ASSIGNMENT        ; SLD_TRIGGER_BITS=101                                                                                                                                                                                                                                                                                                                                      ; --            ; --                ; auto_signaltap_0 ;
; SLD_NODE_PARAMETER_ASSIGNMENT        ; SLD_STORAGE_QUALIFIER_BITS=101                                                                                                                                                                                                                                                                                                                            ; --            ; --                ; auto_signaltap_0 ;
; SLD_NODE_PARAMETER_ASSIGNMENT        ; SLD_INVERSION_MASK=00000000000000000000000000000000000000000000000000000000000000000000000000000000000000000000000000000000000000000000000000000000000000000000000000000000000000000000000000000000000000000000000000000000000000000000000000000000000000000000000000000000000000000000000000000000000000000000000000000000000000000000000000000000000000 ; --            ; --                ; auto_signaltap_0 ;
; SLD_NODE_PARAMETER_ASSIGNMENT        ; SLD_INVERSION_MASK_LENGTH=326                                                                                                                                                                                                                                                                                                                             ; --            ; --                ; auto_signaltap_0 ;
; SLD_NODE_PARAMETER_ASSIGNMENT        ; SLD_SEGMENT_SIZE=512                                                                                                                                                                                                                                                                                                                                      ; --            ; --                ; auto_signaltap_0 ;
; SLD_NODE_PARAMETER_ASSIGNMENT        ; SLD_SAMPLE_DEPTH=512                                                                                                                                                                                                                                                                                                                                      ; --            ; --                ; auto_signaltap_0 ;
; TOP_LEVEL_ENTITY                     ; pipeline_TopLevel                                                                                                                                                                                                                                                                                                                                         ; FP            ; --                ; --               ;
; USE_SIGNALTAP_FILE                   ; output_files/stp1.stp                                                                                                                                                                                                                                                                                                                                     ; --            ; --                ; --               ;
+--------------------------------------+-----------------------------------------------------------------------------------------------------------------------------------------------------------------------------------------------------------------------------------------------------------------------------------------------------------------------------------------------------------+---------------+-------------------+------------------+


+--------------------------------------------------------------------------------------------------------------------------+
; Flow Elapsed Time                                                                                                        ;
+----------------------+--------------+-------------------------+---------------------+------------------------------------+
; Module Name          ; Elapsed Time ; Average Processors Used ; Peak Virtual Memory ; Total CPU Time (on all processors) ;
+----------------------+--------------+-------------------------+---------------------+------------------------------------+
; Analysis & Synthesis ; 00:00:23     ; 1.0                     ; 4926 MB             ; 00:00:08                           ;
; Fitter               ; 00:00:11     ; 2.1                     ; 6491 MB             ; 00:00:09                           ;
; Assembler            ; 00:00:02     ; 1.0                     ; 4713 MB             ; 00:00:01                           ;
; Timing Analyzer      ; 00:00:03     ; 3.7                     ; 5003 MB             ; 00:00:04                           ;
; EDA Netlist Writer   ; 00:00:02     ; 1.0                     ; 4691 MB             ; 00:00:01                           ;
; Total                ; 00:00:41     ; --                      ; --                  ; 00:00:23                           ;
+----------------------+--------------+-------------------------+---------------------+------------------------------------+


+------------------------------------------------------------------------------------+
; Flow OS Summary                                                                    ;
+----------------------+------------------+------------+------------+----------------+
; Module Name          ; Machine Hostname ; OS Name    ; OS Version ; Processor type ;
+----------------------+------------------+------------+------------+----------------+
; Analysis & Synthesis ; DESKTOP-3NK20IJ  ; Windows 10 ; 10.0       ; x86_64         ;
; Fitter               ; DESKTOP-3NK20IJ  ; Windows 10 ; 10.0       ; x86_64         ;
; Assembler            ; DESKTOP-3NK20IJ  ; Windows 10 ; 10.0       ; x86_64         ;
; Timing Analyzer      ; DESKTOP-3NK20IJ  ; Windows 10 ; 10.0       ; x86_64         ;
; EDA Netlist Writer   ; DESKTOP-3NK20IJ  ; Windows 10 ; 10.0       ; x86_64         ;
+----------------------+------------------+------------+------------+----------------+


------------
; Flow Log ;
------------
quartus_map --read_settings_files=on --write_settings_files=off FP -c FP
quartus_fit --read_settings_files=off --write_settings_files=off FP -c FP
quartus_asm --read_settings_files=off --write_settings_files=off FP -c FP
quartus_sta FP -c FP
quartus_eda --read_settings_files=off --write_settings_files=off FP -c FP



